<?xml version="1.0" encoding="UTF-8" ?>
<testsuite errors="0" failures="0" hostname="DESKTOP-R87J0HK" name="towa.UtilsTest" skipped="0" tests="7" time="0.09" timestamp="2020-11-13T13:34:42">
  <properties>
[...]
</properties>
  <testcase classname="towa.UtilsTest" name="testCarColonneVersNum" time="0.002" />
  <testcase classname="towa.UtilsTest" name="testCarLigneVersNumException1" time="0.0" />
  <testcase classname="towa.UtilsTest" name="testCarLigneVersNumException2" time="0.0" />
  <testcase classname="towa.UtilsTest" name="testNettoyerTableau" time="0.011" />
  <testcase classname="towa.UtilsTest" name="testCarColonneVersNumException1" time="0.0" />
  <testcase classname="towa.UtilsTest" name="testCarColonneVersNumException2" time="0.0" />
  <testcase classname="towa.UtilsTest" name="testCarLigneVersNum" time="0.0" />
  <system-out><![CDATA[]]></system-out>
  <system-err><![CDATA[]]></system-err>
</testsuite>
